<testsuite errors="0" failures="0" name="Django Project Tests" skips="0" tests="31" time="0.348"><testcase classname="MySite.tests.test_models.AppointModelTest" name="test_appointdate_future" time="0.000000" /><testcase classname="MySite.tests.test_models.AppointModelTest" name="test_it_has_information_fields" time="0.000000" /><testcase classname="MySite.tests.test_models.DoctorModelTest" name="test_it_has_information_fields" time="0.000000" /><testcase classname="MySite.tests.test_models.PatientModelTest" name="test_it_has_information_fields" time="0.000000" /><testcase classname="MySite.tests.test_models.PersonModelTest" name="test_it_has_information_fields" time="0.000000" /><testcase classname="MySite.tests.test_models.docprofileModelTest" name="test_it_has_information_fields" time="0.000000" /><testcase classname="MySite.tests.test_views.PageLoadViewTest" name="testViewAboutLoad" time="0.037899" /><testcase classname="MySite.tests.test_views.PageLoadViewTest" name="testViewAmdLoad" time="0.031914" /><testcase classname="MySite.tests.test_views.PageLoadViewTest" name="testViewAuthLoad" time="0.012012" /><testcase classname="MySite.tests.test_views.PageLoadViewTest" name="testViewContactsLoad" time="0.008960" /><testcase classname="MySite.tests.test_views.PageLoadViewTest" name="testViewRegisterLoad" time="0.010995" /><testcase classname="MySite.tests.test_views.PageLoadViewTest" name="testViewUserpageDoctorLoad" time="0.023936" /><testcase classname="MySite.tests.test_views.PageLoadViewTest" name="testViewUserpagePatientLoad" time="0.025982" /><testcase classname="MySite.tests.test_views.ViewFuncTest" name="testDeleteAppointmentFuncView" time="0.036933" /><testcase classname="MySite.tests.test_views.ViewFuncTest" name="testDeleteUserFuncView" time="0.038895" /><testcase classname="MySite.tests.test_views.ViewFuncTest" name="testLoginFuncView" time="0.018949" /><testcase classname="MySite.tests.test_views.ViewFuncTest" name="testLogoutFuncView" time="0.023985" /><testcase classname="MySite.tests.test_views.ViewFuncTest" name="testRegisterAdmFuncView" time="0.016954" /><testcase classname="MySite.tests.test_views.ViewFuncTest" name="testRegisterFuncView" time="0.015958" /><testcase classname="MySite.tests.test_forms.RegisterTestForms" name="testLoginFormLongLogin" time="0.000000" /><testcase classname="MySite.tests.test_forms.RegisterTestForms" name="testLoginFormLongPass" time="0.000000" /><testcase classname="MySite.tests.test_forms.RegisterTestForms" name="testLoginFormShortLogin" time="0.000000" /><testcase classname="MySite.tests.test_forms.RegisterTestForms" name="testLoginFormShortPass" time="0.000000" /><testcase classname="MySite.tests.test_forms.RegisterTestForms" name="testLoginFormValid" time="0.000949" /><testcase classname="MySite.tests.test_forms.RegisterTestForms" name="testRegisterFormLongLogin" time="0.000000" /><testcase classname="MySite.tests.test_forms.RegisterTestForms" name="testRegisterFormLongName" time="0.000000" /><testcase classname="MySite.tests.test_forms.RegisterTestForms" name="testRegisterFormLongPassword" time="0.000996" /><testcase classname="MySite.tests.test_forms.RegisterTestForms" name="testRegisterFormShortLogin" time="0.000000" /><testcase classname="MySite.tests.test_forms.RegisterTestForms" name="testRegisterFormShortName" time="0.000000" /><testcase classname="MySite.tests.test_forms.RegisterTestForms" name="testRegisterFormShortPassword" time="0.000000" /><testcase classname="MySite.tests.test_forms.RegisterTestForms" name="testRegisterFormValid" time="0.000000" /></testsuite>